<?xml version="1.0" encoding="UTF-8"?>
<!-- Generated by org.testng.reporters.JUnitXMLReporter -->
<testsuite hostname="DESKTOP-T7GAKR6" ignored="0" name="Default test" tests="5" failures="0" timestamp="30 лип. 2017 20:00:08 GMT" time="127.549" errors="0">
  <testcase name="markMessagesToImportantAndDelete" time="21.213" classname="com.epam.lab.gmail.GmailTest"/>
  <testcase name="markMessagesToImportantAndDelete" time="29.076" classname="com.epam.lab.gmail.GmailTest"/>
  <testcase name="markMessagesToImportantAndDelete" time="21.64" classname="com.epam.lab.gmail.GmailTest"/>
  <testcase name="markMessagesToImportantAndDelete" time="23.323" classname="com.epam.lab.gmail.GmailTest"/>
  <testcase name="markMessagesToImportantAndDelete" time="26.632" classname="com.epam.lab.gmail.GmailTest"/>
</testsuite> <!-- Default test -->
