<?xml version="1.0" encoding="UTF-8"?>
<testng-results skipped="0" failed="0" ignored="0" total="5" passed="5">
  <reporter-output>
  </reporter-output>
  <suite name="Default suite" duration-ms="127549" started-at="2017-07-30T19:58:00Z" finished-at="2017-07-30T20:00:08Z">
    <groups>
    </groups>
    <test name="Default test" duration-ms="127549" started-at="2017-07-30T19:58:00Z" finished-at="2017-07-30T20:00:08Z">
      <class name="com.epam.lab.gmail.GmailTest">
        <test-method status="PASS" signature="setUp()[pri:0, instance:com.epam.lab.gmail.GmailTest@2f686d1f]" name="setUp" is-config="true" duration-ms="20" started-at="2017-07-30T22:58:00Z" finished-at="2017-07-30T22:58:00Z">
          <reporter-output>
          </reporter-output>
        </test-method> <!-- setUp -->
        <test-method status="PASS" signature="markMessagesToImportantAndDelete(com.epam.lab.gmail.models.User)[pri:0, instance:com.epam.lab.gmail.GmailTest@2f686d1f]" name="markMessagesToImportantAndDelete" duration-ms="21213" started-at="2017-07-30T22:58:00Z" data-provider="getUsers" finished-at="2017-07-30T22:58:22Z">
          <params>
            <param index="0">
              <value>
                <![CDATA[User [login=taras.tsyhanko.tk.2014@lpnu.ua, password=05.10.1996]]]>
              </value>
            </param>
          </params>
          <reporter-output>
          </reporter-output>
        </test-method> <!-- markMessagesToImportantAndDelete -->
        <test-method status="PASS" signature="after()[pri:0, instance:com.epam.lab.gmail.GmailTest@2f686d1f]" name="after" is-config="true" duration-ms="1324" started-at="2017-07-30T22:58:22Z" finished-at="2017-07-30T22:58:23Z">
          <reporter-output>
          </reporter-output>
        </test-method> <!-- after -->
        <test-method status="PASS" signature="markMessagesToImportantAndDelete(com.epam.lab.gmail.models.User)[pri:0, instance:com.epam.lab.gmail.GmailTest@2f686d1f]" name="markMessagesToImportantAndDelete" duration-ms="29076" started-at="2017-07-30T22:58:23Z" data-provider="getUsers" finished-at="2017-07-30T22:58:52Z">
          <params>
            <param index="0">
              <value>
                <![CDATA[User [login=SelTestTsyganko@gmail.com, password=Selenium1]]]>
              </value>
            </param>
          </params>
          <reporter-output>
          </reporter-output>
        </test-method> <!-- markMessagesToImportantAndDelete -->
        <test-method status="PASS" signature="after()[pri:0, instance:com.epam.lab.gmail.GmailTest@2f686d1f]" name="after" is-config="true" duration-ms="943" started-at="2017-07-30T22:58:52Z" finished-at="2017-07-30T22:58:53Z">
          <reporter-output>
          </reporter-output>
        </test-method> <!-- after -->
        <test-method status="PASS" signature="markMessagesToImportantAndDelete(com.epam.lab.gmail.models.User)[pri:0, instance:com.epam.lab.gmail.GmailTest@2f686d1f]" name="markMessagesToImportantAndDelete" duration-ms="21640" started-at="2017-07-30T22:58:53Z" data-provider="getUsers" finished-at="2017-07-30T22:59:14Z">
          <params>
            <param index="0">
              <value>
                <![CDATA[User [login=novacug.cucumber@gmail.com, password=GigurdaZargeng38]]]>
              </value>
            </param>
          </params>
          <reporter-output>
          </reporter-output>
        </test-method> <!-- markMessagesToImportantAndDelete -->
        <test-method status="PASS" signature="after()[pri:0, instance:com.epam.lab.gmail.GmailTest@2f686d1f]" name="after" is-config="true" duration-ms="948" started-at="2017-07-30T22:59:14Z" finished-at="2017-07-30T22:59:15Z">
          <reporter-output>
          </reporter-output>
        </test-method> <!-- after -->
        <test-method status="PASS" signature="markMessagesToImportantAndDelete(com.epam.lab.gmail.models.User)[pri:0, instance:com.epam.lab.gmail.GmailTest@2f686d1f]" name="markMessagesToImportantAndDelete" duration-ms="23323" started-at="2017-07-30T22:59:15Z" data-provider="getUsers" finished-at="2017-07-30T22:59:39Z">
          <params>
            <param index="0">
              <value>
                <![CDATA[User [login=mykhailo.tsyhanko@gmail.com, password=ReGmiha231]]]>
              </value>
            </param>
          </params>
          <reporter-output>
          </reporter-output>
        </test-method> <!-- markMessagesToImportantAndDelete -->
        <test-method status="PASS" signature="after()[pri:0, instance:com.epam.lab.gmail.GmailTest@2f686d1f]" name="after" is-config="true" duration-ms="1281" started-at="2017-07-30T22:59:39Z" finished-at="2017-07-30T22:59:40Z">
          <reporter-output>
          </reporter-output>
        </test-method> <!-- after -->
        <test-method status="PASS" signature="markMessagesToImportantAndDelete(com.epam.lab.gmail.models.User)[pri:0, instance:com.epam.lab.gmail.GmailTest@2f686d1f]" name="markMessagesToImportantAndDelete" duration-ms="26632" started-at="2017-07-30T22:59:40Z" data-provider="getUsers" finished-at="2017-07-30T23:00:07Z">
          <params>
            <param index="0">
              <value>
                <![CDATA[User [login=Micle.AutomationBudda2017@gmail.com, password=TheSkyIsShiningBricly1]]]>
              </value>
            </param>
          </params>
          <reporter-output>
          </reporter-output>
        </test-method> <!-- markMessagesToImportantAndDelete -->
        <test-method status="PASS" signature="after()[pri:0, instance:com.epam.lab.gmail.GmailTest@2f686d1f]" name="after" is-config="true" duration-ms="1081" started-at="2017-07-30T23:00:07Z" finished-at="2017-07-30T23:00:08Z">
          <reporter-output>
          </reporter-output>
        </test-method> <!-- after -->
      </class> <!-- com.epam.lab.gmail.GmailTest -->
    </test> <!-- Default test -->
  </suite> <!-- Default suite -->
</testng-results>
